<?xml version="1.0" encoding="UTF-8"?>
<beans xmlns="http://www.springframework.org/schema/beans"
	xmlns:xsi="http://www.w3.org/2001/XMLSchema-instance" xmlns:mvc="http://www.springframework.org/schema/mvc"
	xmlns:context="http://www.springframework.org/schema/context"
	xsi:schemaLocation="http://www.springframework.org/schema/mvc http://www.springframework.org/schema/mvc/spring-mvc.xsd
		http://www.springframework.org/schema/beans http://www.springframework.org/schema/beans/spring-beans.xsd
		http://www.springframework.org/schema/context http://www.springframework.org/schema/context/spring-context.xsd">

	<context:component-scan base-package="kr.ac.jejunu" />

	<bean id="commentDao" class="kr.ac.jejunu.dao.impl.CommentDaoImpl">
		<property name="sqlSessionFactory" ref="sqlSessionFactory"></property>
	</bean>

	<bean id="userDao" class="kr.ac.jejunu.dao.impl.UserDaoImpl">
		<property name="sqlSessionFactory" ref="sqlSessionFactory"></property>
	</bean>
	
	<bean id="sqlSessionFactory" class="org.mybatis.spring.SqlSessionFactoryBean">
		<property name="dataSource" ref="dataSource" />
		<property name="mapperLocations"
			value="classpath:kr/ac/jejunu/dao/mapper/*Dao.xml" />
	</bean>

	<bean id="dataSource"
		class="org.springframework.jdbc.datasource.SimpleDriverDataSource">
		<property name="driverClass" value="com.mysql.jdbc.Driver"></property>
		<property name="url" value="jdbc:mysql://localhost/commentdb"></property>
		<property name="username" value="comment-admin"></property>
		<property name="password" value="1"></property>
	</bean>

	<bean id="transactionManager"
		class="org.springframework.jdbc.datasource.DataSourceTransactionManager">
		<property name="dataSource" ref="dataSource" />
	</bean>

</beans>
